{"message":"Server is listening on port 7000","level":"info","timestamp":"2021-06-22T07:56:14.778Z"}
{"message":"Server is listening on port 7000","level":"info","timestamp":"2021-06-22T07:56:20.370Z"}
{"message":"Server is listening on port 7000","level":"info","timestamp":"2021-06-22T07:59:49.614Z"}
{"message":"Server is listening on port 7000","level":"info","timestamp":"2021-06-22T08:01:11.803Z"}
{"message":"Server is listening on port 7000","level":"info","timestamp":"2021-06-22T16:27:32.212Z"}
{"message":"Server is listening on port 7000","level":"info","timestamp":"2021-06-22T16:33:27.770Z"}
{"message":"Server is listening on port 7000","level":"info","timestamp":"2021-06-22T16:44:57.139Z"}
{"message":"Server is listening on port 7000","level":"info","timestamp":"2021-06-22T16:46:41.787Z"}
{"message":"Server is listening on port 7000","level":"info","timestamp":"2021-06-22T17:05:59.790Z"}
{"message":"Server is listening on port 7000","level":"info","timestamp":"2021-06-22T17:06:13.825Z"}
{"message":"Server is listening on port 7000","level":"info","timestamp":"2021-06-22T17:10:29.273Z"}
{"message":"Server is listening on port 7000","level":"info","timestamp":"2021-06-22T17:10:42.505Z"}
{"message":"Server is listening on port 7000","level":"info","timestamp":"2021-06-22T17:21:56.935Z"}
{"message":"Server is listening on port 7000","level":"info","timestamp":"2021-06-22T17:31:10.028Z"}
{"message":"Server is listening on port 7000","level":"info","timestamp":"2021-06-22T17:31:20.448Z"}
{"message":"Server is listening on port 7000","level":"info","timestamp":"2021-06-22T17:39:54.505Z"}
{"message":"Server is listening on port 7000","level":"info","timestamp":"2021-06-22T17:40:02.775Z"}
{"message":"Server is listening on port 7000","level":"info","timestamp":"2021-06-22T17:50:57.974Z"}
{"message":"Server is listening on port 7000","level":"info","timestamp":"2021-06-22T17:55:45.314Z"}
{"message":"Server is listening on port 7000","level":"info","timestamp":"2021-06-22T17:55:58.174Z"}
{"message":"Server is listening on port 7000","level":"info","timestamp":"2021-06-22T17:58:13.251Z"}
{"message":"Server is listening on port 7000","level":"info","timestamp":"2021-06-22T18:01:57.434Z"}
{"message":"Server is listening on port 7000","level":"info","timestamp":"2021-06-22T18:02:24.839Z"}
{"message":"Server is listening on port 7000","level":"info","timestamp":"2021-06-22T18:05:23.469Z"}
{"message":"Server is listening on port 7000","level":"info","timestamp":"2021-06-22T18:09:48.394Z"}
{"message":"Server is listening on port 7000","level":"info","timestamp":"2021-06-22T18:33:48.617Z"}
{"message":"Server is listening on port 7000","level":"info","timestamp":"2021-06-23T03:38:35.040Z"}
{"message":"Server is listening on port 7000","level":"info","timestamp":"2021-06-23T03:47:49.639Z"}
{"message":"Server is listening on port 7000","level":"info","timestamp":"2021-06-23T03:48:51.212Z"}
{"message":"Server is listening on port 7000","level":"info","timestamp":"2021-06-23T03:49:24.379Z"}
{"message":"Server is listening on port 7000","level":"info","timestamp":"2021-06-23T04:02:48.212Z"}
{"message":"Server is listening on port 7000","level":"info","timestamp":"2021-06-23T04:05:15.919Z"}
{"message":"Server is listening on port 7000","level":"info","timestamp":"2021-06-23T04:07:17.710Z"}
{"message":"Server is listening on port 7000","level":"info","timestamp":"2021-06-23T04:12:39.925Z"}
{"message":"Server is listening on port 7000","level":"info","timestamp":"2021-06-23T04:18:14.708Z"}
{"message":"Server is listening on port 7000","level":"info","timestamp":"2021-06-23T04:18:25.576Z"}
{"message":"Server is listening on port 7000","level":"info","timestamp":"2021-06-23T04:20:49.876Z"}
{"message":"Server is listening on port 7000","level":"info","timestamp":"2021-06-23T04:21:36.448Z"}
{"message":"Server is listening on port 7000","level":"info","timestamp":"2021-06-23T04:22:13.160Z"}
{"message":"Server is listening on port 7000","level":"info","timestamp":"2021-06-23T05:08:04.663Z"}
{"message":"Server is listening on port 7000","level":"info","timestamp":"2021-06-23T05:15:40.874Z"}
{"message":"Server is listening on port 7000","level":"info","timestamp":"2021-06-23T05:50:16.421Z"}
{"message":"Server is listening on port 7000","level":"info","timestamp":"2021-06-23T05:50:29.370Z"}
{"message":"Server is listening on port 7000","level":"info","timestamp":"2021-06-23T05:55:07.871Z"}
{"message":"Server is listening on port 7000","level":"info","timestamp":"2021-06-23T05:55:39.219Z"}
{"message":"Server is listening on port 7000","level":"info","timestamp":"2021-06-23T05:56:40.999Z"}
{"message":"Server is listening on port 7000","level":"info","timestamp":"2021-06-23T05:57:12.353Z"}
{"message":"Server is listening on port 7000","level":"info","timestamp":"2021-06-23T06:06:19.672Z"}
{"message":"Server is listening on port 7000","level":"info","timestamp":"2021-06-23T06:10:31.163Z"}
{"message":"Server is listening on port 7000","level":"info","timestamp":"2021-06-23T06:13:42.141Z"}
{"message":"Server is listening on port 7000","level":"info","timestamp":"2021-06-23T06:15:19.121Z"}
{"message":"Server is listening on port 7000","level":"info","timestamp":"2021-06-23T06:28:12.200Z"}
{"message":"Server is listening on port 7000","level":"info","timestamp":"2021-06-23T06:32:22.078Z"}
{"message":"Server is listening on port 7000","level":"info","timestamp":"2021-06-23T06:34:58.677Z"}
{"message":"Server is listening on port 7000","level":"info","timestamp":"2021-06-23T06:49:43.504Z"}
{"message":"Server is listening on port 7000","level":"info","timestamp":"2021-06-23T06:52:17.244Z"}
{"message":"Server is listening on port 7000","level":"info","timestamp":"2021-06-23T06:56:48.239Z"}
{"message":"Server is listening on port 7000","level":"info","timestamp":"2021-06-23T06:59:43.287Z"}
{"message":"Server is listening on port 7000","level":"info","timestamp":"2021-06-23T07:00:39.247Z"}
{"message":"Server is listening on port 7000","level":"info","timestamp":"2021-06-23T07:06:01.338Z"}
{"message":"Server is listening on port 7000","level":"info","timestamp":"2021-06-23T07:14:14.318Z"}
{"message":"Server is listening on port 7000","level":"info","timestamp":"2021-06-23T07:14:55.659Z"}
{"message":"Server is listening on port 7000","level":"info","timestamp":"2021-06-23T07:15:41.669Z"}
{"message":"Server is listening on port 7000","level":"info","timestamp":"2021-06-23T07:18:03.348Z"}
{"message":"Server is listening on port 7000","level":"info","timestamp":"2021-06-23T07:36:20.932Z"}
{"message":"Server is listening on port 7000","level":"info","timestamp":"2021-06-23T07:43:00.649Z"}
{"message":"Server is listening on port 7000","level":"info","timestamp":"2021-06-23T07:43:40.991Z"}
{"message":"Server is listening on port 7000","level":"info","timestamp":"2021-06-23T07:52:54.901Z"}
{"message":"Server is listening on port 7000","level":"info","timestamp":"2021-06-23T07:53:41.043Z"}
{"message":"Server is listening on port 7000","level":"info","timestamp":"2021-06-23T07:54:58.982Z"}
{"message":"Server is listening on port 7000","level":"info","timestamp":"2021-06-23T07:56:29.508Z"}
{"message":"Server is listening on port 7000","level":"info","timestamp":"2021-06-23T08:02:02.403Z"}
{"message":"Server is listening on port 7000","level":"info","timestamp":"2021-06-23T08:05:40.125Z"}
{"message":"Server is listening on port 7000","level":"info","timestamp":"2021-06-23T08:07:34.194Z"}
{"message":"Server is listening on port 7000","level":"info","timestamp":"2021-06-23T08:08:09.593Z"}
{"message":"Server is listening on port 7000","level":"info","timestamp":"2021-06-23T08:11:23.442Z"}
{"message":"Server is listening on port 7000","level":"info","timestamp":"2021-06-23T15:47:07.160Z"}
{"message":"Server is listening on port 7000","level":"info","timestamp":"2021-06-23T15:55:34.782Z"}
{"message":"Server is listening on port 7000","level":"info","timestamp":"2021-06-23T15:58:12.829Z"}
{"message":"Server is listening on port 7000","level":"info","timestamp":"2021-06-23T15:58:25.734Z"}
{"message":"Server is listening on port 7000","level":"info","timestamp":"2021-06-23T16:03:22.340Z"}
{"message":"Server is listening on port 7000","level":"info","timestamp":"2021-06-23T16:05:43.977Z"}
{"message":"Server is listening on port 7000","level":"info","timestamp":"2021-06-23T16:07:30.557Z"}
{"message":"Server is listening on port 7000","level":"info","timestamp":"2021-06-23T16:10:39.109Z"}
{"message":"Server is listening on port 7000","level":"info","timestamp":"2021-06-23T16:12:33.205Z"}
{"message":"Server is listening on port 7000","level":"info","timestamp":"2021-06-23T16:24:16.343Z"}
{"message":"Server is listening on port 7000","level":"info","timestamp":"2021-06-23T16:26:43.953Z"}
{"message":"Server is listening on port 7000","level":"info","timestamp":"2021-06-23T16:28:53.516Z"}
{"message":"Server is listening on port 7000","level":"info","timestamp":"2021-06-23T16:29:51.977Z"}
{"message":"Server is listening on port 7000","level":"info","timestamp":"2021-06-23T16:41:16.766Z"}
{"message":"Server is listening on port 7000","level":"info","timestamp":"2021-06-23T16:41:58.147Z"}
{"message":"Server is listening on port 7000","level":"info","timestamp":"2021-06-23T16:45:08.337Z"}
{"message":"Server is listening on port 7000","level":"info","timestamp":"2021-06-23T16:55:22.253Z"}
{"message":"Server is listening on port 7000","level":"info","timestamp":"2021-06-23T16:55:55.777Z"}
{"message":"Server is listening on port 7000","level":"info","timestamp":"2021-06-23T17:18:00.691Z"}
{"message":"Server is listening on port 7000","level":"info","timestamp":"2021-06-23T17:22:24.223Z"}
{"message":"Server is listening on port 7000","level":"info","timestamp":"2021-06-23T17:23:32.077Z"}
{"message":"Server is listening on port 7000","level":"info","timestamp":"2021-06-23T17:31:39.300Z"}
{"message":"Server is listening on port 7000","level":"info","timestamp":"2021-06-23T17:37:01.447Z"}
{"message":"Server is listening on port 7000","level":"info","timestamp":"2021-06-23T17:37:20.020Z"}
{"message":"Server is listening on port 7000","level":"info","timestamp":"2021-06-23T17:39:58.365Z"}
{"message":"Server is listening on port 7000","level":"info","timestamp":"2021-06-23T17:42:51.782Z"}
{"message":"Server is listening on port 7000","level":"info","timestamp":"2021-06-23T17:44:32.110Z"}
{"message":"Server is listening on port 7000","level":"info","timestamp":"2021-06-23T17:44:45.287Z"}
{"message":"Server is listening on port 7000","level":"info","timestamp":"2021-06-23T17:49:35.214Z"}
{"message":"Server is listening on port 7000","level":"info","timestamp":"2021-06-23T17:50:52.108Z"}
{"message":"Server is listening on port 7000","level":"info","timestamp":"2021-06-23T17:56:22.371Z"}
{"message":"Server is listening on port 7000","level":"info","timestamp":"2021-06-23T18:20:03.392Z"}
{"message":"Server is listening on port 7000","level":"info","timestamp":"2021-06-23T18:20:21.385Z"}
{"message":"Server is listening on port 7000","level":"info","timestamp":"2021-06-24T04:07:11.113Z"}
{"message":"Server is listening on port 7000","level":"info","timestamp":"2021-06-24T04:21:17.446Z"}
{"message":"Server is listening on port 7000","level":"info","timestamp":"2021-06-24T04:25:28.916Z"}
{"message":"Server is listening on port 7000","level":"info","timestamp":"2021-06-24T04:25:37.319Z"}
{"message":"Server is listening on port 7000","level":"info","timestamp":"2021-06-24T04:25:46.779Z"}
{"message":"Server is listening on port 7000","level":"info","timestamp":"2021-06-24T04:25:53.815Z"}
{"message":"Server is listening on port 7000","level":"info","timestamp":"2021-06-24T04:34:46.396Z"}
{"message":"Server is listening on port 7000","level":"info","timestamp":"2021-06-24T04:37:12.670Z"}
{"message":"Server is listening on port 7000","level":"info","timestamp":"2021-06-24T04:38:04.665Z"}
{"message":"Server is listening on port 7000","level":"info","timestamp":"2021-06-24T06:17:00.845Z"}
{"message":"Server is listening on port 7000","level":"info","timestamp":"2021-06-24T08:47:15.401Z"}
{"message":"Server is listening on port 7000","level":"info","timestamp":"2021-06-25T04:08:03.930Z"}
{"message":"Server is listening on port 7000","level":"info","timestamp":"2021-06-25T04:47:41.784Z"}
{"message":"Server is listening on port 7000","level":"info","timestamp":"2021-06-25T04:49:51.788Z"}
{"message":"Server is listening on port 7000","level":"info","timestamp":"2021-06-25T04:50:46.514Z"}
{"message":"Server is listening on port 7000","level":"info","timestamp":"2021-06-25T04:51:31.387Z"}
{"message":"Server is listening on port 7000","level":"info","timestamp":"2021-06-25T06:57:40.149Z"}
{"message":"Server is listening on port 7000","level":"info","timestamp":"2021-06-25T06:59:10.608Z"}
{"message":"Server is listening on port 7000","level":"info","timestamp":"2021-06-25T07:00:25.332Z"}
{"message":"Server is listening on port 7000","level":"info","timestamp":"2021-06-25T07:00:35.066Z"}
{"message":"Server is listening on port 7000","level":"info","timestamp":"2021-06-25T07:01:21.924Z"}
{"message":"Server is listening on port 7000","level":"info","timestamp":"2021-06-25T07:01:44.989Z"}
{"message":"Server is listening on port 7000","level":"info","timestamp":"2021-06-25T07:02:30.134Z"}
{"message":"Server is listening on port 7000","level":"info","timestamp":"2021-06-25T07:02:46.748Z"}
{"message":"Server is listening on port 7000","level":"info","timestamp":"2021-06-25T07:04:51.698Z"}
{"message":"Server is listening on port 7000","level":"info","timestamp":"2021-06-25T07:05:00.288Z"}
{"message":"Server is listening on port 7000","level":"info","timestamp":"2021-06-25T07:07:58.416Z"}
{"message":"Server is listening on port 7000","level":"info","timestamp":"2021-06-25T07:08:38.235Z"}
{"message":"Server is listening on port 7000","level":"info","timestamp":"2021-06-25T07:12:52.162Z"}
{"message":"Server is listening on port 7000","level":"info","timestamp":"2021-06-25T07:15:03.617Z"}
{"message":"Server is listening on port 7000","level":"info","timestamp":"2021-06-25T07:15:37.669Z"}
{"message":"Server is listening on port 7000","level":"info","timestamp":"2021-06-25T07:16:12.855Z"}
{"message":"Server is listening on port 7000","level":"info","timestamp":"2021-06-25T07:16:59.769Z"}
{"message":"Server is listening on port 7000","level":"info","timestamp":"2021-06-25T07:17:15.536Z"}
{"message":"Server is listening on port 7000","level":"info","timestamp":"2021-06-25T07:27:39.580Z"}
{"message":"Server is listening on port 7000","level":"info","timestamp":"2021-06-25T07:28:48.358Z"}
{"message":"Server is listening on port 7000","level":"info","timestamp":"2021-06-25T07:38:04.457Z"}
{"message":"Server is listening on port 7000","level":"info","timestamp":"2021-06-25T07:39:55.967Z"}
{"message":"Server is listening on port 7000","level":"info","timestamp":"2021-06-25T07:49:27.393Z"}
{"message":"Server is listening on port 7000","level":"info","timestamp":"2021-06-25T07:50:21.745Z"}
{"message":"Server is listening on port 7000","level":"info","timestamp":"2021-06-25T07:51:02.278Z"}
{"message":"Server is listening on port 7000","level":"info","timestamp":"2021-06-25T07:51:27.214Z"}
{"message":"Server is listening on port 7000","level":"info","timestamp":"2021-06-25T07:51:57.414Z"}
{"message":"Server is listening on port 7000","level":"info","timestamp":"2021-06-25T07:52:48.846Z"}
{"message":"Server is listening on port 7000","level":"info","timestamp":"2021-06-25T07:53:12.813Z"}
{"message":"Server is listening on port 7000","level":"info","timestamp":"2021-06-25T07:55:11.666Z"}
{"message":"Server is listening on port 7000","level":"info","timestamp":"2021-06-25T07:56:43.472Z"}
{"message":"Server is listening on port 7000","level":"info","timestamp":"2021-06-25T07:57:09.407Z"}
{"message":"Server is listening on port 7000","level":"info","timestamp":"2021-06-25T07:58:41.205Z"}
{"message":"Server is listening on port 7000","level":"info","timestamp":"2021-06-25T07:59:47.579Z"}
{"message":"Server is listening on port 7000","level":"info","timestamp":"2021-06-25T08:00:07.314Z"}
{"message":"Server is listening on port 7000","level":"info","timestamp":"2021-06-25T08:01:29.688Z"}
{"message":"Server is listening on port 7000","level":"info","timestamp":"2021-06-25T08:02:01.892Z"}
{"message":"Server is listening on port 7000","level":"info","timestamp":"2021-06-25T08:06:58.837Z"}
{"message":"Server is listening on port 7000","level":"info","timestamp":"2021-06-25T08:07:15.628Z"}
{"message":"Server is listening on port 7000","level":"info","timestamp":"2021-06-25T08:07:22.886Z"}
{"message":"Server is listening on port 7000","level":"info","timestamp":"2021-06-25T08:26:58.547Z"}
{"message":"Server is listening on port 7000","level":"info","timestamp":"2021-06-25T08:27:14.365Z"}
{"message":"Server is listening on port 7000","level":"info","timestamp":"2021-06-25T08:27:40.327Z"}
{"message":"Server is listening on port 7000","level":"info","timestamp":"2021-06-25T08:28:28.319Z"}
{"message":"Server is listening on port 7000","level":"info","timestamp":"2021-06-25T08:28:38.232Z"}
{"message":"Server is listening on port 7000","level":"info","timestamp":"2021-06-25T08:29:54.118Z"}
{"message":"Server is listening on port 7000","level":"info","timestamp":"2021-06-25T08:30:06.114Z"}
{"message":"Server is listening on port 7000","level":"info","timestamp":"2021-06-25T09:15:37.633Z"}
{"level":"info","message":"service->","timestamp":"2021-06-25T09:15:40.903Z"}
{"level":"info","message":"service->","timestamp":"2021-06-25T09:15:41.042Z"}
{"level":"info","message":"model-> ","timestamp":"2021-06-25T09:15:41.224Z"}
{"level":"info","message":"service->","timestamp":"2021-06-25T09:15:41.224Z"}
{"level":"info","message":"model-> ","timestamp":"2021-06-25T09:15:41.361Z"}
{"level":"info","message":"service->","timestamp":"2021-06-25T09:15:41.361Z"}
{"message":"Server is listening on port 7000","level":"info","timestamp":"2021-06-25T09:17:43.362Z"}
{"level":"info","message":"service->","timestamp":"2021-06-25T09:17:46.197Z"}
{"level":"info","message":"service->","timestamp":"2021-06-25T09:17:46.357Z"}
{"level":"info","message":"model-> ","timestamp":"2021-06-25T09:17:46.528Z"}
{"level":"info","message":"service->","timestamp":"2021-06-25T09:17:46.528Z"}
{"level":"info","message":"model-> ","timestamp":"2021-06-25T09:17:46.675Z"}
{"level":"info","message":"service->","timestamp":"2021-06-25T09:17:46.675Z"}
{"message":"Server is listening on port 7000","level":"info","timestamp":"2021-06-25T10:58:01.608Z"}
{"level":"info","message":"service->","timestamp":"2021-06-25T10:58:05.793Z"}
{"level":"info","message":"service->","timestamp":"2021-06-25T10:58:05.998Z"}
{"level":"info","message":"model-> ","timestamp":"2021-06-25T10:58:06.787Z"}
{"level":"info","message":"service->","timestamp":"2021-06-25T10:58:06.788Z"}
{"level":"info","message":"model-> ","timestamp":"2021-06-25T10:58:06.995Z"}
{"level":"info","message":"service->","timestamp":"2021-06-25T10:58:06.995Z"}
{"message":"Server is listening on port 7000","level":"info","timestamp":"2021-06-25T11:01:02.448Z"}
{"level":"info","message":"service->","timestamp":"2021-06-25T11:01:06.641Z"}
{"level":"info","message":"service->","timestamp":"2021-06-25T11:01:06.783Z"}
{"level":"info","message":"model-> ","timestamp":"2021-06-25T11:01:06.944Z"}
{"level":"info","message":"service->","timestamp":"2021-06-25T11:01:06.944Z"}
{"level":"info","message":"model-> ","timestamp":"2021-06-25T11:01:07.085Z"}
{"level":"info","message":"service->","timestamp":"2021-06-25T11:01:07.086Z"}
{"message":"Server is listening on port 7000","level":"info","timestamp":"2021-06-25T16:54:37.026Z"}
{"message":"Server is listening on port 7000","level":"info","timestamp":"2021-06-25T17:01:06.128Z"}
{"message":"Server is listening on port 7000","level":"info","timestamp":"2021-06-25T17:02:41.942Z"}
{"message":"Server is listening on port 7000","level":"info","timestamp":"2021-06-25T17:05:45.349Z"}
{"message":"Server is listening on port 7000","level":"info","timestamp":"2021-06-25T17:14:56.856Z"}
{"message":"Server is listening on port 7000","level":"error","timestamp":"2021-06-26T03:03:21.275Z"}
{"message":"Server is listening on port 7000","level":"info","timestamp":"2021-06-26T03:06:06.941Z"}
{"message":"Server is listening on port 7000","level":"error","timestamp":"2021-06-26T03:06:06.942Z"}
{"message":"Server is listening on port 7000","level":"info","timestamp":"2021-06-26T03:11:41.748Z"}
{"message":"Server is listening on port 7000","level":"error","timestamp":"2021-06-26T03:11:41.750Z"}
{"message":"Server is listening on port 7000","level":"info","timestamp":"2021-06-26T03:24:38.505Z"}
{"message":"Server is listening on port 7000","level":"error","timestamp":"2021-06-26T03:24:38.506Z"}
{"message":"Server is listening on port 7000","level":"info","timestamp":"2021-06-26T03:27:48.111Z"}
{"message":"Server is listening on port 7000","level":"info","timestamp":"2021-06-26T03:32:10.854Z"}
{"message":"Server is listening on port 7000","level":"info","timestamp":"2021-06-26T03:32:44.604Z"}
{"level":"error","message":"user login error","timestamp":"2021-06-26T03:32:46.492Z"}
{"level":"info","message":"service->","timestamp":"2021-06-26T03:32:47.479Z"}
{"level":"info","message":"service->","timestamp":"2021-06-26T03:32:47.611Z"}
{"level":"info","message":"model-> ","timestamp":"2021-06-26T03:32:47.835Z"}
{"level":"info","message":"service->","timestamp":"2021-06-26T03:32:47.836Z"}
{"level":"info","message":"model-> ","timestamp":"2021-06-26T03:32:47.992Z"}
{"level":"info","message":"service->","timestamp":"2021-06-26T03:32:47.993Z"}
{"message":"Server is listening on port 7000","level":"info","timestamp":"2021-06-26T03:37:08.050Z"}
{"level":"error","message":"user login error","timestamp":"2021-06-26T03:37:09.298Z"}
{"level":"error","message":"Some details are missing","timestamp":"2021-06-26T03:37:09.443Z"}
{"level":"info","message":"service->","timestamp":"2021-06-26T03:37:10.145Z"}
{"level":"info","message":"service->","timestamp":"2021-06-26T03:37:10.279Z"}
{"level":"info","message":"model-> ","timestamp":"2021-06-26T03:37:10.426Z"}
{"level":"info","message":"service->","timestamp":"2021-06-26T03:37:10.426Z"}
{"level":"info","message":"model-> ","timestamp":"2021-06-26T03:37:10.564Z"}
{"level":"info","message":"service->","timestamp":"2021-06-26T03:37:10.564Z"}
{"message":"Server is listening on port 7000","level":"info","timestamp":"2021-06-26T03:37:35.340Z"}
{"message":"Server is listening on port 7000","level":"info","timestamp":"2021-06-26T03:38:13.235Z"}
{"level":"error","message":"user login error","timestamp":"2021-06-26T03:38:14.417Z"}
{"level":"error","message":"Some details are missing","timestamp":"2021-06-26T03:38:14.560Z"}
{"level":"info","message":"service->","timestamp":"2021-06-26T03:38:15.256Z"}
{"level":"info","message":"service->","timestamp":"2021-06-26T03:38:15.387Z"}
{"level":"info","message":"model-> ","timestamp":"2021-06-26T03:38:15.531Z"}
{"level":"info","message":"service->","timestamp":"2021-06-26T03:38:15.532Z"}
{"level":"info","message":"model-> ","timestamp":"2021-06-26T03:38:15.664Z"}
{"level":"info","message":"service->","timestamp":"2021-06-26T03:38:15.664Z"}
